<?xml version="1.0" encoding="UTF-8"?>
<testng-results ignored="0" total="1" passed="1" failed="0" skipped="0">
  <reporter-output>
  </reporter-output>
  <suite started-at="2024-08-09T20:12:57 IST" name="Default suite" finished-at="2024-08-09T20:13:03 IST" duration-ms="5654">
    <groups>
    </groups>
    <test started-at="2024-08-09T20:12:57 IST" name="Default test" finished-at="2024-08-09T20:13:03 IST" duration-ms="5654">
      <class name="Session03.Test02_Postmenthod">
        <test-method signature="test02()[pri:0, instance:Session03.Test02_Postmenthod@21282ed8]" started-at="2024-08-09T20:12:57 IST" name="test02" finished-at="2024-08-09T20:13:03 IST" duration-ms="5544" status="PASS">
          <reporter-output>
          </reporter-output>
        </test-method> <!-- test02 -->
      </class> <!-- Session03.Test02_Postmenthod -->
    </test> <!-- Default test -->
  </suite> <!-- Default suite -->
</testng-results>
